<?xml version="1.0" encoding="UTF-8"?>
<!-- Generated by org.testng.reporters.JUnitXMLReporter -->
<testsuite hostname="LAPTOP-FHVIN2VS" ignored="3" name="Default test" tests="1" failures="0" timestamp="14 Jul 2020 18:47:37 GMT" time="21.945" errors="0">
  <testcase name="deleteAllContacts" time="6.484" classname="com.qa.hubspot.tests.ContactsPageTest"/>
  <testcase name="createNewContactTest" time="0.0" classname="com.qa.hubspot.tests.ContactsPageTest">
    <ignored/>
  </testcase> <!-- createNewContactTest -->
  <testcase name="verifyContactsPageHeaderTest" time="0.0" classname="com.qa.hubspot.tests.ContactsPageTest">
    <ignored/>
  </testcase> <!-- verifyContactsPageHeaderTest -->
  <testcase name="verifyContactsPageTitleTest" time="0.0" classname="com.qa.hubspot.tests.ContactsPageTest">
    <ignored/>
  </testcase> <!-- verifyContactsPageTitleTest -->
</testsuite> <!-- Default test -->
