<?xml version="1.0" encoding="UTF-8"?>
<!-- Generated by org.testng.reporters.JUnitXMLReporter -->
<testsuite hostname="LAPTOP-FHVIN2VS" ignored="0" name="HubSpot Feature Testing-HomePage" tests="3" failures="0" timestamp="16 Jul 2020 15:59:01 GMT" time="15.506" errors="0">
  <testcase name="verifyHomePageHeaderTest" time="2.562" classname="com.qa.hubspot.tests.HomePageTest"/>
  <testcase name="verifyHomePageTitleTest" time="0.366" classname="com.qa.hubspot.tests.HomePageTest"/>
  <testcase name="verifyLoggedInAccountNameTest" time="0.246" classname="com.qa.hubspot.tests.HomePageTest"/>
</testsuite> <!-- HubSpot Feature Testing-HomePage -->
