<?xml version="1.0" encoding="UTF-8"?>
<!-- Generated by org.testng.reporters.JUnitXMLReporter -->
<testsuite hostname="LAPTOP-FHVIN2VS" ignored="0" name="HubSpot LoginPage Testing-Firefox" tests="3" failures="1" timestamp="27 Jul 2020 20:17:43 GMT" time="246.891" errors="0">
  <testcase name="verifySignUpLinkTest" time="14.477" classname="com.qa.hubspot.tests.LoginPageTest">
    <failure type="java.lang.NullPointerException">
      <![CDATA[java.lang.NullPointerException
at com.qa.hubspot.utils.ElementUtil.doIsDisplayed(ElementUtil.java:55)
at com.qa.hubspot.pages.LoginPage.isSignUpLinkExists(LoginPage.java:41)
at com.qa.hubspot.tests.LoginPageTest.verifySignUpLinkTest(LoginPageTest.java:28)
at java.util.concurrent.FutureTask.run(FutureTask.java:266)
at java.util.concurrent.ThreadPoolExecutor.runWorker(ThreadPoolExecutor.java:1149)
at java.util.concurrent.ThreadPoolExecutor$Worker.run(ThreadPoolExecutor.java:624)
at java.lang.Thread.run(Thread.java:748)
... Removed 16 stack frames]]>
    </failure>
  </testcase> <!-- verifySignUpLinkTest -->
  <testcase name="verifyLoginPageTitleTest" time="4.231" classname="com.qa.hubspot.tests.LoginPageTest"/>
  <testcase name="loginTest" time="49.728" classname="com.qa.hubspot.tests.LoginPageTest"/>
</testsuite> <!-- HubSpot LoginPage Testing-Firefox -->
