<?xml version="1.0" encoding="UTF-8"?>
<!-- Generated by org.testng.reporters.JUnitXMLReporter -->
<testsuite hostname="LAPTOP-FHVIN2VS" ignored="0" name="HubSpot Feature Testing-Login" tests="3" failures="0" timestamp="16 Jul 2020 15:58:44 GMT" time="14.927" errors="0">
  <testcase name="verifySignUpLinkTest" time="5.164" classname="com.qa.hubspot.tests.LoginPageTest"/>
  <testcase name="verifyLoginPageTitleTest" time="0.059" classname="com.qa.hubspot.tests.LoginPageTest"/>
  <testcase name="loginTest" time="0.54" classname="com.qa.hubspot.tests.LoginPageTest"/>
</testsuite> <!-- HubSpot Feature Testing-Login -->
