<?xml version="1.0" encoding="UTF-8"?>
<!-- Generated by org.testng.reporters.JUnitXMLReporter -->
<testsuite hostname="LAPTOP-FHVIN2VS" ignored="0" name="HubSpot LoginPage Testing-Chrome" tests="3" failures="0" timestamp="27 Jul 2020 20:16:25 GMT" time="168.887" errors="0">
  <testcase name="verifySignUpLinkTest" time="36.125" classname="com.qa.hubspot.tests.LoginPageTest"/>
  <testcase name="verifyLoginPageTitleTest" time="1.874" classname="com.qa.hubspot.tests.LoginPageTest"/>
  <testcase name="loginTest" time="29.218" classname="com.qa.hubspot.tests.LoginPageTest"/>
</testsuite> <!-- HubSpot LoginPage Testing-Chrome -->
