<?xml version="1.0" encoding="UTF-8"?>
<testsuite xmlns:xsi="http://www.w3.org/2001/XMLSchema-instance" xsi:noNamespaceSchemaLocation="https://maven.apache.org/surefire/maven-surefire-plugin/xsd/surefire-test-report.xsd" name="TestSuite" time="108.447" tests="13" errors="0" skipped="0" failures="1">
  <properties>
[...]
</properties>
  <testcase name="verifySignUpLinkTest" classname="com.qa.hubspot.tests.LoginPageTest" time="5.382"/>
  <testcase name="verifyLoginPageTitleTest" classname="com.qa.hubspot.tests.LoginPageTest" time="0.044"/>
  <testcase name="loginTest" classname="com.qa.hubspot.tests.LoginPageTest" time="0.715"/>
  <testcase name="verifyHomePageHeaderTest" classname="com.qa.hubspot.tests.HomePageTest" time="2.558"/>
  <testcase name="verifyHomePageTitleTest" classname="com.qa.hubspot.tests.HomePageTest" time="0.361"/>
  <testcase name="verifyLoggedInAccountNameTest" classname="com.qa.hubspot.tests.HomePageTest" time="0.243"/>
  <testcase name="verifyContactsPageTitleTest" classname="com.qa.hubspot.tests.ContactsPageTest" time="0.378"/>
  <testcase name="verifyContactsPageHeaderTest" classname="com.qa.hubspot.tests.ContactsPageTest" time="0.703"/>
  <testcase name="createNewContactTest" classname="com.qa.hubspot.tests.ContactsPageTest" time="6.668"/>
  <testcase name="createNewContactTest" classname="com.qa.hubspot.tests.ContactsPageTest" time="6.852"/>
  <testcase name="createNewContactTest" classname="com.qa.hubspot.tests.ContactsPageTest" time="5.204"/>
  <testcase name="createNewContactTest" classname="com.qa.hubspot.tests.ContactsPageTest" time="5.682"/>
  <testcase name="deleteAllContacts" classname="com.qa.hubspot.tests.ContactsPageTest" time="26.175">
    <failure message="Expected condition failed: waiting for presence of element located by: By.xpath: //i18n-string[text()=&apos;0 contacts&apos;] (tried for 15 second(s) with 500 milliseconds interval)" type="org.openqa.selenium.TimeoutException">org.openqa.selenium.TimeoutException: Expected condition failed: waiting for presence of element located by: By.xpath: //i18n-string[text()='0 contacts'] (tried for 15 second(s) with 500 milliseconds interval)
	at com.qa.hubspot.tests.ContactsPageTest.deleteAllContacts(ContactsPageTest.java:77)
Caused by: org.openqa.selenium.NoSuchElementException: 
no such element: Unable to locate element: {"method":"xpath","selector":"//i18n-string[text()='0 contacts']"}
  (Session info: chrome=83.0.4103.116)
For documentation on this error, please visit: https://www.seleniumhq.org/exceptions/no_such_element.html
Build info: version: '3.141.59', revision: 'e82be7d358', time: '2018-11-14T08:17:03'
System info: host: 'LAPTOP-FHVIN2VS', ip: '192.168.1.95', os.name: 'Windows 10', os.arch: 'amd64', os.version: '10.0', java.version: '1.8.0_251'
Driver info: org.openqa.selenium.chrome.ChromeDriver
Capabilities {acceptInsecureCerts: false, browserName: chrome, browserVersion: 83.0.4103.116, chrome: {chromedriverVersion: 83.0.4103.39 (ccbf011cb2d2b..., userDataDir: C:\Users\SimTaj\AppData\Loc...}, goog:chromeOptions: {debuggerAddress: localhost:55529}, javascriptEnabled: true, networkConnectionEnabled: false, pageLoadStrategy: normal, platform: WINDOWS, platformName: WINDOWS, proxy: Proxy(), setWindowRect: true, strictFileInteractability: false, timeouts: {implicit: 0, pageLoad: 300000, script: 30000}, unhandledPromptBehavior: dismiss and notify, webauthn:virtualAuthenticators: true}
Session ID: 1dce9016a7ced806f1f99d7b5e017140
*** Element info: {Using=xpath, value=//i18n-string[text()='0 contacts']}
	at com.qa.hubspot.tests.ContactsPageTest.deleteAllContacts(ContactsPageTest.java:77)
</failure>
    <system-out><![CDATA[I am in onTestStart method deleteAllContacts start
]]></system-out>
  </testcase>
</testsuite>