<?xml version="1.0" encoding="UTF-8"?>
<!-- Generated by org.testng.reporters.JUnitXMLReporter -->
<testsuite hostname="LAPTOP-FHVIN2VS" ignored="0" name="HubSpot Feature Testing-Login" tests="3" failures="0" timestamp="16 Jul 2020 14:35:15 GMT" time="15.872" errors="0">
  <testcase name="verifySignUpLinkTest" time="4.785" classname="com.qa.hubspot.tests.LoginPageTest"/>
  <testcase name="verifyLoginPageTitleTest" time="0.067" classname="com.qa.hubspot.tests.LoginPageTest"/>
  <testcase name="loginTest" time="1.099" classname="com.qa.hubspot.tests.LoginPageTest"/>
</testsuite> <!-- HubSpot Feature Testing-Login -->
