<?xml version="1.0" encoding="UTF-8"?>
<!-- Generated by org.testng.reporters.JUnitXMLReporter -->
<testsuite hostname="LAPTOP-FHVIN2VS" ignored="0" name="HubSpot Feature Testing-HomePage" tests="3" failures="0" timestamp="16 Jul 2020 14:35:33 GMT" time="16.626" errors="0">
  <testcase name="verifyHomePageHeaderTest" time="3.303" classname="com.qa.hubspot.tests.HomePageTest"/>
  <testcase name="verifyHomePageTitleTest" time="0.419" classname="com.qa.hubspot.tests.HomePageTest"/>
  <testcase name="verifyLoggedInAccountNameTest" time="0.33" classname="com.qa.hubspot.tests.HomePageTest"/>
</testsuite> <!-- HubSpot Feature Testing-HomePage -->
