<?xml version="1.0" encoding="UTF-8"?>
<!-- Generated by org.testng.reporters.JUnitXMLReporter -->
<testsuite hostname="LAPTOP-FHVIN2VS" ignored="0" name="HubSpot Feature Testing-Firefox" tests="3" failures="0" timestamp="24 Jul 2020 20:44:03 GMT" time="19.381" errors="0">
  <testcase name="verifySignUpLinkTest" time="5.704" classname="com.qa.hubspot.tests.LoginPageTest"/>
  <testcase name="verifyLoginPageTitleTest" time="0.022" classname="com.qa.hubspot.tests.LoginPageTest"/>
  <testcase name="loginTest" time="2.24" classname="com.qa.hubspot.tests.LoginPageTest"/>
</testsuite> <!-- HubSpot Feature Testing-Firefox -->
