<?xml version="1.0" encoding="UTF-8"?>
<!-- Generated by org.testng.reporters.JUnitXMLReporter -->
<testsuite hostname="LAPTOP-FHVIN2VS" ignored="0" name="HubSpot Feature Testing--Login" tests="3" failures="0" timestamp="14 Jul 2020 17:09:02 GMT" time="13.074" errors="0">
  <testcase name="verifySignUpLinkTest" time="5.255" classname="com.qa.hubspot.tests.LoginPageTest"/>
  <testcase name="verifyLoginPageTitleTest" time="0.022" classname="com.qa.hubspot.tests.LoginPageTest"/>
  <testcase name="loginTest" time="0.487" classname="com.qa.hubspot.tests.LoginPageTest"/>
</testsuite> <!-- HubSpot Feature Testing-Login -->
