<?xml version="1.0" encoding="UTF-8"?>
<!-- Generated by org.testng.reporters.JUnitXMLReporter -->
<testsuite hostname="LAPTOP-FHVIN2VS" ignored="0" name="HubSpot Feature Testing-Chrome" tests="3" failures="0" timestamp="24 Jul 2020 20:43:57 GMT" time="13.628" errors="0">
  <testcase name="verifySignUpLinkTest" time="6.632" classname="com.qa.hubspot.tests.LoginPageTest"/>
  <testcase name="verifyLoginPageTitleTest" time="0.346" classname="com.qa.hubspot.tests.LoginPageTest"/>
  <testcase name="loginTest" time="2.411" classname="com.qa.hubspot.tests.LoginPageTest"/>
</testsuite> <!-- HubSpot Feature Testing-Chrome -->
