<?xml version="1.0" encoding="UTF-8"?>
<!-- Generated by org.testng.reporters.JUnitXMLReporter -->
<testsuite hostname="LAPTOP-FHVIN2VS" ignored="2" name="HubSpot Feature Testing--ContactsPage" tests="2" failures="0" timestamp="10 Jul 2020 17:03:59 GMT" time="17.226" errors="0">
  <testcase name="verifyContactsPageTitleTest" time="0.334" classname="com.qa.hubspot.tests.ContactsPageTest"/>
  <testcase name="verifyContactsPageHeaderTest" time="0.74" classname="com.qa.hubspot.tests.ContactsPageTest"/>
  <testcase name="createNewContactTest" time="0.0" classname="com.qa.hubspot.tests.ContactsPageTest">
    <ignored/>
  </testcase> <!-- createNewContactTest -->
  <testcase name="deleteAllContacts" time="0.0" classname="com.qa.hubspot.tests.ContactsPageTest">
    <ignored/>
  </testcase> <!-- deleteAllContacts -->
</testsuite> <!-- HubSpot Feature Testing-ContactsPage -->
