<?xml version="1.0" encoding="UTF-8"?>
<testng-results skipped="0" failed="1" ignored="0" total="9" passed="8">
  <reporter-output>
  </reporter-output>
  <suite name="Hub spot Test automtion regression suite" duration-ms="196135" started-at="2020-07-28T14:43:39Z" finished-at="2020-07-28T14:46:55Z">
    <groups>
    </groups>
    <test name="HubSpot LoginPage Testing-Chrome" duration-ms="79232" started-at="2020-07-28T14:43:39Z" finished-at="2020-07-28T14:44:58Z">
      <class name="com.qa.hubspot.tests.LoginPageTest">
        <test-method status="PASS" signature="setUp(java.lang.String)[pri:0, instance:com.qa.hubspot.tests.LoginPageTest@1b5fe30]" name="setUp" is-config="true" duration-ms="18697" started-at="2020-07-28T14:43:39Z" finished-at="2020-07-28T14:43:58Z">
          <params>
            <param index="0">
              <value>
                <![CDATA[chrome]]>
              </value>
            </param>
          </params>
          <reporter-output>
          </reporter-output>
        </test-method> <!-- setUp -->
        <test-method status="PASS" signature="verifySignUpLinkTest()[pri:1, instance:com.qa.hubspot.tests.LoginPageTest@1b5fe30]" name="verifySignUpLinkTest" duration-ms="34254" started-at="2020-07-28T14:43:58Z" finished-at="2020-07-28T14:44:32Z">
          <reporter-output>
          </reporter-output>
        </test-method> <!-- verifySignUpLinkTest -->
        <test-method status="PASS" signature="verifyLoginPageTitleTest()[pri:2, instance:com.qa.hubspot.tests.LoginPageTest@1b5fe30]" name="verifyLoginPageTitleTest" duration-ms="2764" started-at="2020-07-28T14:44:32Z" finished-at="2020-07-28T14:44:35Z">
          <reporter-output>
          </reporter-output>
        </test-method> <!-- verifyLoginPageTitleTest -->
        <test-method status="PASS" signature="loginTest()[pri:3, instance:com.qa.hubspot.tests.LoginPageTest@1b5fe30]" name="loginTest" duration-ms="21489" started-at="2020-07-28T14:44:35Z" finished-at="2020-07-28T14:44:56Z">
          <reporter-output>
          </reporter-output>
        </test-method> <!-- loginTest -->
        <test-method status="PASS" signature="tearDown()[pri:0, instance:com.qa.hubspot.tests.LoginPageTest@1b5fe30]" name="tearDown" is-config="true" duration-ms="1701" started-at="2020-07-28T14:44:56Z" finished-at="2020-07-28T14:44:58Z">
          <reporter-output>
          </reporter-output>
        </test-method> <!-- tearDown -->
      </class> <!-- com.qa.hubspot.tests.LoginPageTest -->
    </test> <!-- HubSpot LoginPage Testing-Chrome -->
    <test name="HubSpot LoginPage Testing-Firefox" duration-ms="193511" started-at="2020-07-28T14:43:39Z" finished-at="2020-07-28T14:46:52Z">
      <class name="com.qa.hubspot.tests.LoginPageTest">
        <test-method status="PASS" signature="setUp(java.lang.String)[pri:0, instance:com.qa.hubspot.tests.LoginPageTest@1ff19ff]" name="setUp" is-config="true" duration-ms="136010" started-at="2020-07-28T14:43:39Z" finished-at="2020-07-28T14:45:55Z">
          <params>
            <param index="0">
              <value>
                <![CDATA[firefox]]>
              </value>
            </param>
          </params>
          <reporter-output>
          </reporter-output>
        </test-method> <!-- setUp -->
        <test-method status="FAIL" signature="verifySignUpLinkTest()[pri:1, instance:com.qa.hubspot.tests.LoginPageTest@1ff19ff]" name="verifySignUpLinkTest" duration-ms="10409" started-at="2020-07-28T14:45:55Z" finished-at="2020-07-28T14:46:05Z">
          <exception class="java.lang.NullPointerException">
            <full-stacktrace>
              <![CDATA[java.lang.NullPointerException
at com.qa.hubspot.utils.ElementUtil.doIsDisplayed(ElementUtil.java:55)
at com.qa.hubspot.pages.LoginPage.isSignUpLinkExists(LoginPage.java:41)
at com.qa.hubspot.tests.LoginPageTest.verifySignUpLinkTest(LoginPageTest.java:28)
at sun.reflect.NativeMethodAccessorImpl.invoke0(Native Method)
at sun.reflect.NativeMethodAccessorImpl.invoke(Unknown Source)
at sun.reflect.DelegatingMethodAccessorImpl.invoke(Unknown Source)
at java.lang.reflect.Method.invoke(Unknown Source)
at org.testng.internal.MethodInvocationHelper.invokeMethod(MethodInvocationHelper.java:124)
at org.testng.internal.Invoker.invokeMethod(Invoker.java:583)
at org.testng.internal.Invoker.invokeTestMethod(Invoker.java:719)
at org.testng.internal.Invoker.invokeTestMethods(Invoker.java:989)
at org.testng.internal.TestMethodWorker.invokeTestMethods(TestMethodWorker.java:125)
at org.testng.internal.TestMethodWorker.run(TestMethodWorker.java:109)
at org.testng.TestRunner.privateRun(TestRunner.java:648)
at org.testng.TestRunner.run(TestRunner.java:505)
at org.testng.SuiteRunner.runTest(SuiteRunner.java:455)
at org.testng.SuiteRunner.access$000(SuiteRunner.java:40)
at org.testng.SuiteRunner$SuiteWorker.run(SuiteRunner.java:489)
at org.testng.internal.thread.ThreadUtil$1.call(ThreadUtil.java:52)
at java.util.concurrent.FutureTask.run(Unknown Source)
at java.util.concurrent.ThreadPoolExecutor.runWorker(Unknown Source)
at java.util.concurrent.ThreadPoolExecutor$Worker.run(Unknown Source)
at java.lang.Thread.run(Unknown Source)
]]>
            </full-stacktrace>
          </exception> <!-- java.lang.NullPointerException -->
          <reporter-output>
          </reporter-output>
        </test-method> <!-- verifySignUpLinkTest -->
        <test-method status="PASS" signature="verifyLoginPageTitleTest()[pri:2, instance:com.qa.hubspot.tests.LoginPageTest@1ff19ff]" name="verifyLoginPageTitleTest" duration-ms="621" started-at="2020-07-28T14:46:18Z" finished-at="2020-07-28T14:46:18Z">
          <reporter-output>
          </reporter-output>
        </test-method> <!-- verifyLoginPageTitleTest -->
        <test-method status="PASS" signature="loginTest()[pri:3, instance:com.qa.hubspot.tests.LoginPageTest@1ff19ff]" name="loginTest" duration-ms="11451" started-at="2020-07-28T14:46:18Z" finished-at="2020-07-28T14:46:30Z">
          <reporter-output>
          </reporter-output>
        </test-method> <!-- loginTest -->
        <test-method status="PASS" signature="tearDown()[pri:0, instance:com.qa.hubspot.tests.LoginPageTest@1ff19ff]" name="tearDown" is-config="true" duration-ms="22471" started-at="2020-07-28T14:46:30Z" finished-at="2020-07-28T14:46:52Z">
          <reporter-output>
          </reporter-output>
        </test-method> <!-- tearDown -->
      </class> <!-- com.qa.hubspot.tests.LoginPageTest -->
    </test> <!-- HubSpot LoginPage Testing-Firefox -->
    <test name="HubSpot HomePage Testing-Chrome" duration-ms="196135" started-at="2020-07-28T14:43:39Z" finished-at="2020-07-28T14:46:55Z">
      <class name="com.qa.hubspot.tests.HomePageTest">
        <test-method status="PASS" signature="setUp(java.lang.String)[pri:0, instance:com.qa.hubspot.tests.HomePageTest@11fd34d]" name="setUp" is-config="true" duration-ms="18521" started-at="2020-07-28T14:43:39Z" finished-at="2020-07-28T14:43:57Z">
          <params>
            <param index="0">
              <value>
                <![CDATA[chrome]]>
              </value>
            </param>
          </params>
          <reporter-output>
          </reporter-output>
        </test-method> <!-- setUp -->
        <test-method status="PASS" signature="homePageSetup()[pri:0, instance:com.qa.hubspot.tests.HomePageTest@11fd34d]" name="homePageSetup" is-config="true" duration-ms="52268" started-at="2020-07-28T14:43:57Z" finished-at="2020-07-28T14:44:50Z">
          <reporter-output>
          </reporter-output>
        </test-method> <!-- homePageSetup -->
        <test-method status="PASS" signature="verifyHomePageHeaderTest()[pri:1, instance:com.qa.hubspot.tests.HomePageTest@11fd34d]" name="verifyHomePageHeaderTest" duration-ms="116741" started-at="2020-07-28T14:44:50Z" finished-at="2020-07-28T14:46:46Z">
          <reporter-output>
          </reporter-output>
        </test-method> <!-- verifyHomePageHeaderTest -->
        <test-method status="PASS" signature="verifyHomePageTitleTest()[pri:2, instance:com.qa.hubspot.tests.HomePageTest@11fd34d]" name="verifyHomePageTitleTest" duration-ms="3460" started-at="2020-07-28T14:46:46Z" finished-at="2020-07-28T14:46:50Z">
          <reporter-output>
          </reporter-output>
        </test-method> <!-- verifyHomePageTitleTest -->
        <test-method status="PASS" signature="verifyLoggedInAccountNameTest()[pri:3, instance:com.qa.hubspot.tests.HomePageTest@11fd34d]" name="verifyLoggedInAccountNameTest" duration-ms="4837" started-at="2020-07-28T14:46:50Z" finished-at="2020-07-28T14:46:55Z">
          <reporter-output>
          </reporter-output>
        </test-method> <!-- verifyLoggedInAccountNameTest -->
        <test-method status="PASS" signature="tearDown()[pri:0, instance:com.qa.hubspot.tests.HomePageTest@11fd34d]" name="tearDown" is-config="true" duration-ms="245" started-at="2020-07-28T14:46:55Z" finished-at="2020-07-28T14:46:55Z">
          <reporter-output>
          </reporter-output>
        </test-method> <!-- tearDown -->
      </class> <!-- com.qa.hubspot.tests.HomePageTest -->
    </test> <!-- HubSpot HomePage Testing-Chrome -->
  </suite> <!-- Hub spot Test automtion regression suite -->
</testng-results>
